VstoneMagic Build&Execute Message Log
BuildStart time:2016/07/31 15:54:19
ãƒ“ãƒ«ãƒ‰ã®æ›´æ–°ãŒã‚ã‚Šã¾ã›ã‚“ã€‚


jarãƒ•ã‚¡ã‚¤ãƒ«ã®ä½œæˆ


jarãƒ•ã‚¡ã‚¤ãƒ«ã®æ›´æ–°ã¯ã‚ã‚Šã¾ã›ã‚“


é€ä¿¡ãƒ•ã‚¡ã‚¤ãƒ«ã®ä¸Šæ›¸ãç¢ºèª

ã‚¹ã‚¿ãƒ¼ãƒˆã‚¢ãƒƒãƒ—ã‚¢ãƒ—ãƒªã‚±ãƒ¼ã‚·ãƒ§ãƒ³ã®åœæ­¢
echo "STOP_STARTUP" > /home/vstone/vstonemagic/menu.fifoãƒ­ãƒœãƒƒãƒˆã®SFTPã¸æ¥ç¶šã—ã¾ã™ã€‚
192.168.11.8@root
...


ãƒ•ã‚¡ã‚¤ãƒ«ã®è»¢é€
ãƒ­ãƒœãƒƒãƒˆã«ãƒ•ã‚¡ã‚¤ãƒ«ã‚’è»¢é€ã—ã¾ã™ã€‚
Connect to 192.168.11.8@root...æ¥ç¶šã—ã¾ã—ãŸã€‚
ãƒ•ã‚¡ã‚¤ãƒ«ã®è»¢é€ã‚’é–‹å§‹ã—ã¾ã™ã€‚
No send:'C:\Users\root\Desktop\Sota-master\Sota-master\labSota\bin\labSota.jar'
Error!:'C:\Users\root\Desktop\Sota-master\Sota-master\labSota\bin\resource\ä½“æ¸©.txt' file not found.
No send:'C:\Users\root\Desktop\Sota-master\Sota-master\labSota\bin\resource\NG.wav'


ã‚¢ãƒ—ãƒªã‚±ãƒ¼ã‚·ãƒ§ãƒ³ç™»éŒ²ç”¨ã®ã‚¢ãƒ¼ã‚«ã‚¤ãƒ–ãƒ•ã‚¡ã‚¤ãƒ«ã‚’ä½œæˆ
...
ãƒ“ãƒ«ãƒ‰ãŒå®Œäº†ã—ã¾ã—ãŸã€‚


jarãƒ•ã‚¡ã‚¤ãƒ«ã®å®Ÿè¡Œ
ãƒ­ãƒœãƒƒãƒˆã®SSHã¸æ¥ç¶šã—ã¾ã™ã€‚
192.168.11.8@root
java -Dfile.encoding=UTF8 -Djava.library.path=/usr/local/share/OpenCV/java/  -Xdebug -Xrunjdwp:transport=dt_socket,server=y,address=8765 -jar labSota.jar 2>&1 &ãƒ•ã‚¡ã‚¤ãƒ«ã®è»¢é€ãŒå®Œäº†ã—ã¾ã—ãŸã€‚java -Dfile.encoding=UTF8 -Djava.library.path=/usr/local/share/OpenCV/java/  -Xdebug -Xrunjdwp:transport=dt_socket,server=y,address=8765 -jar labSota.jar 2>&1 &
[1;32mroot@edison:~$[m java -Dfile.encoding=UTF8 -Djava.library.path=/usr/local/share/OpenCV/java/  -Xdebug -Xrunjdwp:transport=dt_socket,server=y,address=8765 -jar labSota.jar 2>&1 &
[1] 9136
[1;32mroot@edison:~$[m Listening for transport dt_socket at address: 8765
ãƒ‡ãƒãƒƒã‚°ã®æº–å‚™ãŒã§ãã¾ã—ãŸã€‚

jdbã®å®Ÿè¡Œ
ãƒ‡ãƒãƒƒã‚¬ã‚’èµ·å‹•ã—ã¾ã™ã€‚
C:\Program Files (x86)\VstoneMagic\jdk\bin\jdb.exe -connect com.sun.jdi.SocketAttach:hostname=192.168.11.8,port=8765
æ•æ‰ã•ã‚Œãªã„java.lang.Throwableã®è¨­å®šé…å»¶ã—ãŸæ•æ‰ã•ã‚Œãªã„java.lang.Throwableã®è¨­å®šjdbã®åˆæœŸåŒ–ä¸­...ãƒ‡ãƒãƒƒã‚°å®Ÿè¡Œã®ã‚¹ã‚¿ãƒ³ãƒã‚¤ãŒã§ãã¾ã—ãŸã€‚
> VMãŒé–‹å§‹ã•ã‚Œã¾ã—ãŸ: ç¾åœ¨ã®ã‚³ãƒ¼ãƒ«ãƒ»ã‚¹ã‚¿ãƒƒã‚¯ã«ãƒ•ãƒ¬ãƒ¼ãƒ ãŒã‚ã‚Šã¾ã›ã‚“[Info][CRoboCamera]class jp.vstone.RobotLib.CSotaMotion
[Info][SpeechRecog]SpeechRecog
[Info][CRobotSock]Connected server
[Info][CRobotMotion]MasterCtrlPeriod 16666
[Info][MotionAsSotaWish][Say][scene:hello]ã“ã‚“ã«ã¡ã¯ï½ï¼
[Info][TextToSpeechSota][TTS_USE_CACHE] /var/sota/tts//1469178843381.wav
[Info][CPlayWave]Play /var/sota/tts//1469178843381.wav
[Info][MotionAsSotaWish]play 1435
[Info][MotionAsSotaWish][play][hello] [1035sec]
[Info][CRoboCamera]StartTask MODE_FACE_TRACK
[Info][CRoboCamera]openCapture
/home/vstone/pux_faceu/bin/ROMfiles/PFID_dict_feature_ha2.bin
[Info][CRoboCamera]Strat FaceDetectTask 18
[Info][MotionAsSotaWish][Say][scene:talk]ãŠå®¢ã•ã‚“ã¯ã€ãŠã¨ã“ã®ã“ã ã­ï¼
[Info][TextToSpeechSota][TTS_USE_CACHE] /var/sota/tts//1469840862926.wav
[Info][CPlayWave]Play /var/sota/tts//1469840862926.wav
[Info][MotionAsSotaWish]play 2715
[Info][MotionAsSotaWish][play][talk] [2315sec]
[Info][MotionAsSotaWish][Say][scene:talk]ã‚¹ãƒã‚¤ãƒ«ãã ã•ï½ã„ï¼
[Info][TextToSpeechSota][TTS_USE_CACHE] /var/sota/tts//1469934145266.wav
[Info][CPlayWave]Play /var/sota/tts//1469934145266.wav
[Info][MotionAsSotaWish]play 1759
[Info][MotionAsSotaWish][play][talk] [1359sec]
[Info][TextToSpeechSota][TTS_USE_CACHE] /var/sota/tts//1469178947700.wav
[Info][CPlayWave]Play /var/sota/tts//1469178947700.wav
[Info][MotionAsSotaWish][Say][scene:talk]41ç‚¹ã§ã—ãŸï½ï¼
[Info][TextToSpeechSota][TTS_USE_CACHE] /var/sota/tts//1469840499650.wav
[Info][CPlayWave]Play /var/sota/tts//1469840499650.wav
[Info][MotionAsSotaWish]play 2067
[Info][MotionAsSotaWish][play][talk] [1667sec]
[Info][MotionAsSotaWish][Say][scene:talk]ã„ã„ç¬‘é¡”ã ã­ï¼
[Info][TextToSpeechSota][TTS_USE_CACHE] /var/sota/tts//1469178953977.wav
[Info][CPlayWave]Play /var/sota/tts//1469178953977.wav
[Info][MotionAsSotaWish]play 1555
[Info][MotionAsSotaWish][play][talk] [1155sec]
[Info][CRoboCamera]StopTask MODE_FACE_TRACK
[Info][CRoboCamera]closeCapture 
[Info][CRoboCamera]Stop  FaceDetectTask 18
[Info][MotionAsSotaWish][Say][scene:talk]æœ€å¾Œã«å†™çœŸæ’®ã‚Šã¾ãƒ¼ã™ï¼ã“ã£ã¡ã‚’ã¿ã¦ï½ï¼3 2 1
[Info][TextToSpeechSota][TTS_USE_CACHE] /var/sota/tts//1469926135211.wav
[Info][CPlayWave]Play /var/sota/tts//1469926135211.wav
[Info][MotionAsSotaWish]play 5508
[Info][MotionAsSotaWish][play][talk] [5108sec]
[Info][CRoboCamera]initStill
[Info][CRoboCamera]StartTask MODE_STILL_PIC
[Info][stillpicture]save picthre file to "/var/sota/photo/picture"
[Info][MotionAsSotaWish][Say][scene:talk]å†™çœŸæ’®ã‚Œã¾ã—ãŸï¼ã‚ã‚ŠãŒã¨ã†ï½ï¼
[Info][TextToSpeechSota][TTS_USE_CACHE] /var/sota/tts//1469178971108.wav
java.net.UnknownHostException: tts2.sota.vstone.co.jp
	at java.net.AbstractPlainSocketImpl.connect(AbstractPlainSocketImpl.java:184)
	at java.net.SocksSocketImpl.connect(SocksSocketImpl.java:392)
	at java.net.Socket.connect(Socket.java:589)
	at sun.net.NetworkClient.doConnect(NetworkClient.java:175)
	at sun.net.www.http.HttpClient.openServer(HttpClient.java:432)
	at sun.net.www.http.HttpClient.openServer(HttpClient.java:527)
	at sun.net.www.http.HttpClient.<init>(HttpClient.java:211)
	at sun.net.www.http.HttpClient.New(HttpClient.java:308)
	at sun.net.www.http.HttpClient.New(HttpClient.java:326)
	at sun.net.www.protocol.http.HttpURLConnection.getNewHttpClient(HttpURLConnection.java:1168)
	at sun.net.www.protocol.http.HttpURLConnection.plainConnect0(HttpURLConnection.java:1104)
	at sun.net.www.protocol.http.HttpURLConnection.plainConnect(HttpURLConnection.java:998)
	at sun.net.www.protocol.http.HttpURLConnection.connect(HttpURLConnection.java:932)
	at sun.net.www.protocol.http.HttpURLConnection.getOutputStream0(HttpURLConnection.java:1282)
	at sun.net.www.protocol.http.HttpURLConnection.getOutputStream(HttpURLConnection.java:1257)
	at jp.vstone.sotatalk.TextToSpeechSota.postjson(TextToSpeechSota.java:771)
	at jp.vstone.sotatalk.TextToSpeechSota.postlog(TextToSpeechSota.java:732)
	at jp.vstone.sotatalk.TextToSpeechSota.getTTSFile(TextToSpeechSota.java:236)
	at jp.vstone.sotatalk.MotionAsSotaWish.Say(MotionAsSotaWish.java:118)
	at jp.co.mysota.mymain.openCampus(mymain.java:763)
	at main.main.main(main.java:44)
[Info][CPlayWave]Play /var/sota/tts//1469178971108.wav
[Info][MotionAsSotaWish]play 2919
[Info][MotionAsSotaWish][play][talk] [2519sec]
main[1] > ã‚¢ãƒ—ãƒªã‚±ãƒ¼ã‚·ãƒ§ãƒ³ãŒçµ‚äº†ã—ã¾ã—ãŸexitexit
logout

ãƒ­ãƒœãƒƒãƒˆã¨ã®é€šä¿¡ã‚’åˆ‡æ–­ã—ã¾ã—ãŸã€‚
